# JRE version: OpenJDK Runtime Environment (21.0.8) (build 21.0.8+-14196175-b1038.72)
# Java VM: OpenJDK 64-Bit Server VM (21.0.8+-14196175-b1038.72, mixed mode, tiered, compressed oops, compressed class ptrs, g1 gc, linux-amd64)
GC Precious Log:
 CardTable entry size: 512
 Card Set container configuration: InlinePtr #cards 5 size 8 Array Of Cards #cards 12 size 40 Howl #buckets 4 coarsen threshold 1843 Howl Bitmap #cards 512 size 80 coarsen threshold 460 Card regions per heap region 1 cards per card region 2048
 CPUs: 8 total, 8 available
 Memory: 7760M
 Large Page Support: Disabled
 NUMA Support: Disabled
 Compressed Oops: Enabled (32-bit)
 Heap Region Size: 1M
 Heap Min Capacity: 8M
 Heap Initial Capacity: 122M
 Heap Max Capacity: 1942M
 Pre-touch: Disabled
 Parallel Workers: 8
 Concurrent Workers: 2
 Concurrent Refinement Workers: 8
 Periodic GC: Disabled
Heap:
 garbage-first heap   total 198656K, used 111616K [0x0000000086a00000, 0x0000000100000000)
  region size 1024K, 7 young (7168K), 6 survivors (6144K)
 Metaspace       used 83018K, committed 83456K, reserved 1179648K
  class space    used 9147K, committed 9344K, reserved 1048576K
GC Heap History (20 events):
Event: 3.913 GC heap before
{Heap before GC invocations=18 (full 0):
 garbage-first heap   total 67584K, used 58368K [0x0000000086a00000, 0x0000000100000000)
  region size 1024K, 14 young (14336K), 3 survivors (3072K)
 Metaspace       used 57288K, committed 57536K, reserved 1114112K
  class space    used 6697K, committed 6784K, reserved 1048576K
}
Event: 3.920 GC heap after
{Heap after GC invocations=19 (full 0):
 garbage-first heap   total 67584K, used 52736K [0x0000000086a00000, 0x0000000100000000)
  region size 1024K, 2 young (2048K), 2 survivors (2048K)
 Metaspace       used 57288K, committed 57536K, reserved 1114112K
  class space    used 6697K, committed 6784K, reserved 1048576K
}
Event: 3.981 GC heap before
{Heap before GC invocations=19 (full 0):
 garbage-first heap   total 89088K, used 59904K [0x0000000086a00000, 0x0000000100000000)
  region size 1024K, 9 young (9216K), 2 survivors (2048K)
 Metaspace       used 57478K, committed 57792K, reserved 1114112K
  class space    used 6711K, committed 6848K, reserved 1048576K
}
Event: 3.985 GC heap after
{Heap after GC invocations=20 (full 0):
 garbage-first heap   total 89088K, used 55808K [0x0000000086a00000, 0x0000000100000000)
  region size 1024K, 2 young (2048K), 2 survivors (2048K)
 Metaspace       used 57478K, committed 57792K, reserved 1114112K
  class space    used 6711K, committed 6848K, reserved 1048576K
}
Event: 4.238 GC heap before
{Heap before GC invocations=21 (full 0):
 garbage-first heap   total 89088K, used 72192K [0x0000000086a00000, 0x0000000100000000)
  region size 1024K, 19 young (19456K), 2 survivors (2048K)
 Metaspace       used 60808K, committed 61056K, reserved 1114112K
  class space    used 7087K, committed 7168K, reserved 1048576K
}
Event: 4.247 GC heap after
{Heap after GC invocations=22 (full 0):
 garbage-first heap   total 89088K, used 58834K [0x0000000086a00000, 0x0000000100000000)
  region size 1024K, 3 young (3072K), 3 survivors (3072K)
 Metaspace       used 60808K, committed 61056K, reserved 1114112K
  class space    used 7087K, committed 7168K, reserved 1048576K
}
Event: 4.486 GC heap before
{Heap before GC invocations=22 (full 0):
 garbage-first heap   total 89088K, used 74194K [0x0000000086a00000, 0x0000000100000000)
  region size 1024K, 19 young (19456K), 3 survivors (3072K)
 Metaspace       used 62715K, committed 63040K, reserved 1114112K
  class space    used 7316K, committed 7424K, reserved 1048576K
}
Event: 4.496 GC heap after
{Heap after GC invocations=23 (full 0):
 garbage-first heap   total 160768K, used 61440K [0x0000000086a00000, 0x0000000100000000)
  region size 1024K, 3 young (3072K), 3 survivors (3072K)
 Metaspace       used 62715K, committed 63040K, reserved 1114112K
  class space    used 7316K, committed 7424K, reserved 1048576K
}
Event: 5.685 GC heap before
{Heap before GC invocations=23 (full 0):
 garbage-first heap   total 160768K, used 120832K [0x0000000086a00000, 0x0000000100000000)
  region size 1024K, 61 young (62464K), 3 survivors (3072K)
 Metaspace       used 68447K, committed 68800K, reserved 1114112K
  class space    used 7957K, committed 8128K, reserved 1048576K
}
Event: 5.699 GC heap after
{Heap after GC invocations=24 (full 0):
 garbage-first heap   total 160768K, used 70656K [0x0000000086a00000, 0x0000000100000000)
  region size 1024K, 8 young (8192K), 8 survivors (8192K)
 Metaspace       used 68447K, committed 68800K, reserved 1114112K
  class space    used 7957K, committed 8128K, reserved 1048576K
}
Event: 6.446 GC heap before
{Heap before GC invocations=24 (full 0):
 garbage-first heap   total 160768K, used 125952K [0x0000000086a00000, 0x0000000100000000)
  region size 1024K, 62 young (63488K), 8 survivors (8192K)
 Metaspace       used 69637K, committed 70016K, reserved 1114112K
  class space    used 8043K, committed 8192K, reserved 1048576K
}
Event: 6.467 GC heap after
{Heap after GC invocations=25 (full 0):
 garbage-first heap   total 160768K, used 81843K [0x0000000086a00000, 0x0000000100000000)
  region size 1024K, 8 young (8192K), 8 survivors (8192K)
 Metaspace       used 69637K, committed 70016K, reserved 1114112K
  class space    used 8043K, committed 8192K, reserved 1048576K
}
Event: 7.384 GC heap before
{Heap before GC invocations=25 (full 0):
 garbage-first heap   total 160768K, used 132019K [0x0000000086a00000, 0x0000000100000000)
  region size 1024K, 57 young (58368K), 8 survivors (8192K)
 Metaspace       used 72808K, committed 73152K, reserved 1114112K
  class space    used 8273K, committed 8448K, reserved 1048576K
}
Event: 7.399 GC heap after
{Heap after GC invocations=26 (full 0):
 garbage-first heap   total 160768K, used 91136K [0x0000000086a00000, 0x0000000100000000)
  region size 1024K, 8 young (8192K), 8 survivors (8192K)
 Metaspace       used 72808K, committed 73152K, reserved 1114112K
  class space    used 8273K, committed 8448K, reserved 1048576K
}
Event: 8.012 GC heap before
{Heap before GC invocations=27 (full 0):
 garbage-first heap   total 160768K, used 137216K [0x0000000086a00000, 0x0000000100000000)
  region size 1024K, 53 young (54272K), 8 survivors (8192K)
 Metaspace       used 73486K, committed 73856K, reserved 1114112K
  class space    used 8319K, committed 8512K, reserved 1048576K
}
Event: 8.029 GC heap after
{Heap after GC invocations=28 (full 0):
 garbage-first heap   total 160768K, used 99435K [0x0000000086a00000, 0x0000000100000000)
  region size 1024K, 7 young (7168K), 7 survivors (7168K)
 Metaspace       used 73486K, committed 73856K, reserved 1114112K
  class space    used 8319K, committed 8512K, reserved 1048576K
}
Event: 8.827 GC heap before
{Heap before GC invocations=28 (full 0):
 garbage-first heap   total 160768K, used 138347K [0x0000000086a00000, 0x0000000100000000)
  region size 1024K, 46 young (47104K), 7 survivors (7168K)
 Metaspace       used 80823K, committed 81152K, reserved 1179648K
  class space    used 8988K, committed 9152K, reserved 1048576K
}
Event: 8.842 GC heap after
{Heap after GC invocations=29 (full 0):
 garbage-first heap   total 160768K, used 105472K [0x0000000086a00000, 0x0000000100000000)
  region size 1024K, 6 young (6144K), 6 survivors (6144K)
 Metaspace       used 80823K, committed 81152K, reserved 1179648K
  class space    used 8988K, committed 9152K, reserved 1048576K
}
Event: 9.432 GC heap before
{Heap before GC invocations=29 (full 0):
 garbage-first heap   total 160768K, used 142336K [0x0000000086a00000, 0x0000000100000000)
  region size 1024K, 42 young (43008K), 6 survivors (6144K)
 Metaspace       used 82786K, committed 83136K, reserved 1179648K
  class space    used 9125K, committed 9280K, reserved 1048576K
}
Event: 9.445 GC heap after
{Heap after GC invocations=30 (full 0):
 garbage-first heap   total 198656K, used 111616K [0x0000000086a00000, 0x0000000100000000)
  region size 1024K, 6 young (6144K), 6 survivors (6144K)
 Metaspace       used 82786K, committed 83136K, reserved 1179648K
  class space    used 9125K, committed 9280K, reserved 1048576K
}

